<?xml version="1.0" encoding="UTF-8"?>
<!-- Generated by org.testng.reporters.JUnitReportReporter -->
<testsuite hostname="Monali" failures="0" tests="1" name="com.mycompany.app.my_selenium_project.AppTest" time="0.005" errors="0" timestamp="2022-08-09T17:04:40 IST" skipped="0">
  <testcase classname="com.mycompany.app.my_selenium_project.AppTest" name="shouldAnswerWithTrue" time="0.005"/>
  <system-out/>
</testsuite> <!-- com.mycompany.app.my_selenium_project.AppTest -->
