<?xml version="1.0" encoding="UTF-8"?>
<!-- Generated by org.testng.reporters.JUnitReportReporter -->
<testsuite hostname="Monali" failures="0" tests="2" name="com.mycompany.app.my_selenium_project.NewTest" time="7.104" errors="0" timestamp="2022-08-09T17:02:41 IST" skipped="0">
  <testcase classname="com.mycompany.app.my_selenium_project.NewTest" name="f" time="0.002"/>
  <system-out/>
  <testcase classname="com.mycompany.app.my_selenium_project.NewTest" name="LaunchBrowser" time="7.102"/>
  <system-out/>
</testsuite> <!-- com.mycompany.app.my_selenium_project.NewTest -->
